<?xml version="1.0" encoding="UTF-8"?>
<!-- Generated by org.testng.reporters.JUnitReportReporter -->
<testsuite hostname="Rkreddy" failures="0" tests="2"
	name="testObjects.Testrunner" time="2.114" errors="0"
	timestamp="2024-07-16T19:24:42 EDT" skipped="0">
	<testcase classname="testObjects.Testrunner" name="testrun" time="1.485" />
	<system-out />
	<testcase classname="testObjects.Testrunner" name="testrun1" time="0.629" />
	<system-out />
</testsuite> <!-- testObjects.Testrunner -->
