<?xml version="1.0" encoding="UTF-8"?>
<!-- Generated by org.testng.reporters.JUnitReportReporter -->
<testsuite hostname="Rkreddy" failures="0" tests="2" name="testObjects.Testrunner" time="2.536" errors="0" timestamp="2024-06-30T21:13:30 EDT" skipped="0">
  <testcase classname="testObjects.Testrunner" name="testrun" time="1.815"/>
  <system-out/>
  <testcase classname="testObjects.Testrunner" name="testrun1" time="0.721"/>
  <system-out/>
</testsuite> <!-- testObjects.Testrunner -->
