<?xml version="1.0" encoding="UTF-8"?>
<!-- Generated by org.testng.reporters.JUnitReportReporter -->
<testsuite hostname="Rkreddy" failures="0" tests="2" name="testObjects.Testrunner" time="4.352" errors="0" timestamp="2024-07-16T14:07:38 EDT" skipped="0">
  <testcase classname="testObjects.Testrunner" name="testrun" time="3.414"/>
  <system-out/>
  <testcase classname="testObjects.Testrunner" name="testrun1" time="0.938"/>
  <system-out/>
</testsuite> <!-- testObjects.Testrunner -->
